{"C:\\dev\\workspace-playground\\ramiz-loki\\src\\App.tsx": {"path":"C:\\dev\\workspace-playground\\ramiz-loki\\src\\App.tsx","statementMap":{"0":{"start":{"line":65,"column":0},"end":{"line":65,"column":16}},"1":{"start":{"line":1,"column":0},"end":{"line":1,"column":34}},"2":{"start":{"line":2,"column":0},"end":{"line":2,"column":59}},"3":{"start":{"line":4,"column":0},"end":{"line":4,"column":43}},"4":{"start":{"line":5,"column":0},"end":{"line":5,"column":47}},"5":{"start":{"line":6,"column":0},"end":{"line":6,"column":51}},"6":{"start":{"line":7,"column":0},"end":{"line":7,"column":53}},"7":{"start":{"line":8,"column":0},"end":{"line":8,"column":45}},"8":{"start":{"line":9,"column":0},"end":{"line":9,"column":45}},"9":{"start":{"line":10,"column":0},"end":{"line":10,"column":51}},"10":{"start":{"line":11,"column":0},"end":{"line":11,"column":45}},"11":{"start":{"line":12,"column":0},"end":{"line":12,"column":55}},"12":{"start":{"line":13,"column":0},"end":{"line":13,"column":45}},"13":{"start":{"line":17,"column":19},"end":{"line":17,"column":32}},"14":{"start":{"line":19,"column":2},"end":{"line":40,"column":13}},"15":{"start":{"line":21,"column":4},"end":{"line":39,"column":5}},"16":{"start":{"line":23,"column":17},"end":{"line":23,"column":38}},"17":{"start":{"line":24,"column":22},"end":{"line":24,"column":49}},"18":{"start":{"line":26,"column":6},"end":{"line":35,"column":7}},"19":{"start":{"line":28,"column":8},"end":{"line":34,"column":16}},"20":{"start":{"line":29,"column":28},"end":{"line":29,"column":76}},"21":{"start":{"line":30,"column":26},"end":{"line":30,"column":36}},"22":{"start":{"line":32,"column":12},"end":{"line":32,"column":74}},"23":{"start":{"line":33,"column":10},"end":{"line":33,"column":58}},"24":{"start":{"line":38,"column":6},"end":{"line":38,"column":54}},"25":{"start":{"line":42,"column":2},"end":{"line":42,"column":14}},"26":{"start":{"line":46,"column":2},"end":{"line":62,"column":4}},"27":{"start":{"line":66,"column":2},"end":{"line":70,"column":4}}},"fnMap":{"0":{"name":"ScrollToSection","decl":{"start":{"line":16,"column":9},"end":{"line":16,"column":24}},"loc":{"start":{"line":16,"column":24},"end":{"line":43,"column":1}}},"1":{"name":"(anonymous_1)","decl":{"start":{"line":19,"column":12},"end":{"line":19,"column":15}},"loc":{"start":{"line":19,"column":17},"end":{"line":40,"column":3}}},"2":{"name":"(anonymous_2)","decl":{"start":{"line":28,"column":19},"end":{"line":28,"column":22}},"loc":{"start":{"line":28,"column":24},"end":{"line":34,"column":9}}},"3":{"name":"MainContent","decl":{"start":{"line":45,"column":9},"end":{"line":45,"column":20}},"loc":{"start":{"line":45,"column":20},"end":{"line":63,"column":1}}},"4":{"name":"App","decl":{"start":{"line":65,"column":16},"end":{"line":65,"column":19}},"loc":{"start":{"line":65,"column":19},"end":{"line":71,"column":1}}}},"branchMap":{"0":{"loc":{"start":{"line":21,"column":4},"end":{"line":39,"column":5}},"type":"if","locations":[{"start":{"line":21,"column":4},"end":{"line":39,"column":5}},{"start":{"line":36,"column":11},"end":{"line":39,"column":5}}]},"1":{"loc":{"start":{"line":26,"column":6},"end":{"line":35,"column":7}},"type":"if","locations":[{"start":{"line":26,"column":6},"end":{"line":35,"column":7}}]},"2":{"loc":{"start":{"line":29,"column":28},"end":{"line":29,"column":76}},"type":"binary-expr","locations":[{"start":{"line":29,"column":28},"end":{"line":29,"column":71}},{"start":{"line":29,"column":75},"end":{"line":29,"column":76}}]}},"s":{"0":1,"1":1,"2":1,"3":1,"4":1,"5":1,"6":1,"7":1,"8":1,"9":1,"10":1,"11":1,"12":1,"13":3,"14":3,"15":3,"16":3,"17":3,"18":3,"19":3,"20":1,"21":1,"22":1,"23":1,"24":0,"25":3,"26":3,"27":3},"f":{"0":3,"1":3,"2":1,"3":3,"4":3},"b":{"0":[3,0],"1":[3],"2":[1,0]}}
,"C:\\dev\\workspace-playground\\ramiz-loki\\src\\index.tsx": {"path":"C:\\dev\\workspace-playground\\ramiz-loki\\src\\index.tsx","statementMap":{"0":{"start":{"line":1,"column":0},"end":{"line":1,"column":46}},"1":{"start":{"line":3,"column":0},"end":{"line":3,"column":28}},"2":{"start":{"line":5,"column":0},"end":{"line":5,"column":21}},"3":{"start":{"line":7,"column":20},"end":{"line":7,"column":51}},"4":{"start":{"line":8,"column":0},"end":{"line":10,"column":1}},"5":{"start":{"line":9,"column":2},"end":{"line":9,"column":44}},"6":{"start":{"line":11,"column":13},"end":{"line":11,"column":36}},"7":{"start":{"line":12,"column":0},"end":{"line":12,"column":21}}},"fnMap":{},"branchMap":{"0":{"loc":{"start":{"line":8,"column":0},"end":{"line":10,"column":1}},"type":"if","locations":[{"start":{"line":8,"column":0},"end":{"line":10,"column":1}}]}},"s":{"0":1,"1":1,"2":1,"3":1,"4":1,"5":0,"6":1,"7":1},"f":{},"b":{"0":[0]}}
,"C:\\dev\\workspace-playground\\ramiz-loki\\src\\components\\About.tsx": {"path":"C:\\dev\\workspace-playground\\ramiz-loki\\src\\components\\About.tsx","statementMap":{"0":{"start":{"line":5,"column":0},"end":{"line":5,"column":16}},"1":{"start":{"line":1,"column":0},"end":{"line":1,"column":65}},"2":{"start":{"line":2,"column":0},"end":{"line":2,"column":52}},"3":{"start":{"line":3,"column":0},"end":{"line":3,"column":29}},"4":{"start":{"line":6,"column":34},"end":{"line":6,"column":49}},"5":{"start":{"line":7,"column":21},"end":{"line":7,"column":46}},"6":{"start":{"line":9,"column":2},"end":{"line":30,"column":9}},"7":{"start":{"line":10,"column":21},"end":{"line":16,"column":null}},"8":{"start":{"line":12,"column":8},"end":{"line":14,"column":9}},"9":{"start":{"line":13,"column":10},"end":{"line":13,"column":28}},"10":{"start":{"line":19,"column":23},"end":{"line":19,"column":41}},"11":{"start":{"line":21,"column":4},"end":{"line":23,"column":5}},"12":{"start":{"line":22,"column":6},"end":{"line":22,"column":35}},"13":{"start":{"line":25,"column":4},"end":{"line":29,"column":6}},"14":{"start":{"line":26,"column":6},"end":{"line":28,"column":7}},"15":{"start":{"line":27,"column":8},"end":{"line":27,"column":39}},"16":{"start":{"line":32,"column":21},"end":{"line":54,"column":4}},"17":{"start":{"line":56,"column":2},"end":{"line":137,"column":4}},"18":{"start":{"line":88,"column":12},"end":{"line":89,"column":null}}},"fnMap":{"0":{"name":"About","decl":{"start":{"line":5,"column":16},"end":{"line":5,"column":21}},"loc":{"start":{"line":5,"column":21},"end":{"line":138,"column":1}}},"1":{"name":"(anonymous_1)","decl":{"start":{"line":9,"column":12},"end":{"line":9,"column":15}},"loc":{"start":{"line":9,"column":17},"end":{"line":30,"column":3}}},"2":{"name":"(anonymous_2)","decl":{"start":{"line":11,"column":6},"end":{"line":11,"column":13}},"loc":{"start":{"line":11,"column":16},"end":{"line":15,"column":7}}},"3":{"name":"(anonymous_3)","decl":{"start":{"line":25,"column":11},"end":{"line":25,"column":14}},"loc":{"start":{"line":25,"column":16},"end":{"line":29,"column":5}}},"4":{"name":"(anonymous_4)","decl":{"start":{"line":87,"column":26},"end":{"line":87,"column":27}},"loc":{"start":{"line":88,"column":12},"end":{"line":89,"column":null}}}},"branchMap":{"0":{"loc":{"start":{"line":12,"column":8},"end":{"line":14,"column":9}},"type":"if","locations":[{"start":{"line":12,"column":8},"end":{"line":14,"column":9}}]},"1":{"loc":{"start":{"line":21,"column":4},"end":{"line":23,"column":5}},"type":"if","locations":[{"start":{"line":21,"column":4},"end":{"line":23,"column":5}}]},"2":{"loc":{"start":{"line":26,"column":6},"end":{"line":28,"column":7}},"type":"if","locations":[{"start":{"line":26,"column":6},"end":{"line":28,"column":7}}]},"3":{"loc":{"start":{"line":90,"column":58},"end":{"line":90,"column":83}},"type":"cond-expr","locations":[{"start":{"line":90,"column":69},"end":{"line":90,"column":78}},{"start":{"line":90,"column":81},"end":{"line":90,"column":83}}]}},"s":{"0":1,"1":1,"2":1,"3":1,"4":4,"5":4,"6":4,"7":4,"8":0,"9":0,"10":4,"11":4,"12":4,"13":4,"14":4,"15":4,"16":4,"17":4,"18":12},"f":{"0":4,"1":4,"2":0,"3":4,"4":12},"b":{"0":[0],"1":[4],"2":[4],"3":[0,12]}}
,"C:\\dev\\workspace-playground\\ramiz-loki\\src\\components\\AnimatedBackground.tsx": {"path":"C:\\dev\\workspace-playground\\ramiz-loki\\src\\components\\AnimatedBackground.tsx","statementMap":{"0":{"start":{"line":17,"column":0},"end":{"line":17,"column":16}},"1":{"start":{"line":1,"column":0},"end":{"line":1,"column":65}},"2":{"start":{"line":18,"column":44},"end":{"line":18,"column":68}},"3":{"start":{"line":19,"column":34},"end":{"line":19,"column":49}},"4":{"start":{"line":20,"column":38},"end":{"line":20,"column":49}},"5":{"start":{"line":21,"column":42},"end":{"line":23,"column":7}},"6":{"start":{"line":24,"column":23},"end":{"line":24,"column":45}},"7":{"start":{"line":25,"column":20},"end":{"line":25,"column":51}},"8":{"start":{"line":26,"column":23},"end":{"line":26,"column":45}},"9":{"start":{"line":27,"column":28},"end":{"line":27,"column":45}},"10":{"start":{"line":29,"column":14},"end":{"line":29,"column":41}},"11":{"start":{"line":30,"column":21},"end":{"line":30,"column":58}},"12":{"start":{"line":32,"column":2},"end":{"line":73,"column":9}},"13":{"start":{"line":33,"column":28},"end":{"line":49,"column":5}},"14":{"start":{"line":34,"column":16},"end":{"line":34,"column":58}},"15":{"start":{"line":35,"column":16},"end":{"line":35,"column":59}},"16":{"start":{"line":37,"column":17},"end":{"line":37,"column":51}},"17":{"start":{"line":38,"column":17},"end":{"line":38,"column":51}},"18":{"start":{"line":39,"column":20},"end":{"line":39,"column":54}},"19":{"start":{"line":40,"column":6},"end":{"line":40,"column":41}},"20":{"start":{"line":42,"column":6},"end":{"line":42,"column":60}},"21":{"start":{"line":44,"column":6},"end":{"line":46,"column":7}},"22":{"start":{"line":45,"column":8},"end":{"line":45,"column":70}},"23":{"start":{"line":48,"column":6},"end":{"line":48,"column":33}},"24":{"start":{"line":51,"column":29},"end":{"line":61,"column":5}},"25":{"start":{"line":52,"column":24},"end":{"line":57,"column":8}},"26":{"start":{"line":59,"column":6},"end":{"line":59,"column":52}},"27":{"start":{"line":59,"column":30},"end":{"line":59,"column":50}},"28":{"start":{"line":60,"column":6},"end":{"line":60,"column":45}},"29":{"start":{"line":63,"column":4},"end":{"line":63,"column":58}},"30":{"start":{"line":64,"column":4},"end":{"line":64,"column":55}},"31":{"start":{"line":66,"column":18},"end":{"line":66,"column":58}},"32":{"start":{"line":66,"column":35},"end":{"line":66,"column":52}},"33":{"start":{"line":68,"column":4},"end":{"line":72,"column":6}},"34":{"start":{"line":69,"column":6},"end":{"line":69,"column":63}},"35":{"start":{"line":70,"column":6},"end":{"line":70,"column":60}},"36":{"start":{"line":71,"column":6},"end":{"line":71,"column":26}},"37":{"start":{"line":75,"column":2},"end":{"line":160,"column":26}},"38":{"start":{"line":76,"column":19},"end":{"line":76,"column":36}},"39":{"start":{"line":77,"column":4},"end":{"line":77,"column":24}},"40":{"start":{"line":77,"column":17},"end":{"line":77,"column":24}},"41":{"start":{"line":79,"column":16},"end":{"line":79,"column":39}},"42":{"start":{"line":80,"column":4},"end":{"line":80,"column":21}},"43":{"start":{"line":80,"column":14},"end":{"line":80,"column":21}},"44":{"start":{"line":82,"column":25},"end":{"line":85,"column":5}},"45":{"start":{"line":83,"column":6},"end":{"line":83,"column":39}},"46":{"start":{"line":84,"column":6},"end":{"line":84,"column":41}},"47":{"start":{"line":87,"column":4},"end":{"line":87,"column":19}},"48":{"start":{"line":88,"column":4},"end":{"line":88,"column":52}},"49":{"start":{"line":90,"column":20},"end":{"line":152,"column":5}},"50":{"start":{"line":91,"column":6},"end":{"line":91,"column":55}},"51":{"start":{"line":93,"column":6},"end":{"line":108,"column":9}},"52":{"start":{"line":94,"column":8},"end":{"line":94,"column":38}},"53":{"start":{"line":95,"column":8},"end":{"line":95,"column":38}},"54":{"start":{"line":96,"column":8},"end":{"line":96,"column":24}},"55":{"start":{"line":98,"column":24},"end":{"line":98,"column":64}},"56":{"start":{"line":100,"column":8},"end":{"line":100,"column":68}},"57":{"start":{"line":101,"column":8},"end":{"line":101,"column":24}},"58":{"start":{"line":102,"column":8},"end":{"line":102,"column":71}},"59":{"start":{"line":103,"column":8},"end":{"line":103,"column":19}},"60":{"start":{"line":105,"column":8},"end":{"line":107,"column":9}},"61":{"start":{"line":106,"column":10},"end":{"line":106,"column":48}},"62":{"start":{"line":110,"column":25},"end":{"line":110,"column":45}},"63":{"start":{"line":111,"column":23},"end":{"line":117,"column":null}},"64":{"start":{"line":119,"column":6},"end":{"line":119,"column":69}},"65":{"start":{"line":120,"column":6},"end":{"line":120,"column":46}},"66":{"start":{"line":122,"column":6},"end":{"line":122,"column":31}},"67":{"start":{"line":123,"column":6},"end":{"line":123,"column":22}},"68":{"start":{"line":124,"column":6},"end":{"line":130,"column":8}},"69":{"start":{"line":131,"column":6},"end":{"line":131,"column":17}},"70":{"start":{"line":133,"column":6},"end":{"line":141,"column":8}},"71":{"start":{"line":134,"column":8},"end":{"line":140,"column":47}},"72":{"start":{"line":135,"column":26},"end":{"line":139,"column":12}},"73":{"start":{"line":140,"column":28},"end":{"line":140,"column":46}},"74":{"start":{"line":143,"column":6},"end":{"line":149,"column":9}},"75":{"start":{"line":144,"column":8},"end":{"line":144,"column":77}},"76":{"start":{"line":145,"column":8},"end":{"line":145,"column":26}},"77":{"start":{"line":146,"column":8},"end":{"line":146,"column":24}},"78":{"start":{"line":147,"column":8},"end":{"line":147,"column":65}},"79":{"start":{"line":148,"column":8},"end":{"line":148,"column":21}},"80":{"start":{"line":151,"column":6},"end":{"line":151,"column":65}},"81":{"start":{"line":154,"column":4},"end":{"line":154,"column":14}},"82":{"start":{"line":156,"column":4},"end":{"line":159,"column":6}},"83":{"start":{"line":157,"column":6},"end":{"line":157,"column":57}},"84":{"start":{"line":158,"column":6},"end":{"line":158,"column":54}},"85":{"start":{"line":162,"column":23},"end":{"line":177,"column":8}},"86":{"start":{"line":163,"column":4},"end":{"line":176,"column":5}},"87":{"start":{"line":163,"column":17},"end":{"line":163,"column":18}},"88":{"start":{"line":164,"column":20},"end":{"line":164,"column":47}},"89":{"start":{"line":165,"column":20},"end":{"line":165,"column":41}},"90":{"start":{"line":167,"column":6},"end":{"line":175,"column":9}},"91":{"start":{"line":179,"column":2},"end":{"line":264,"column":4}},"92":{"start":{"line":199,"column":26},"end":{"line":199,"column":43}},"93":{"start":{"line":237,"column":10},"end":{"line":238,"column":null}}},"fnMap":{"0":{"name":"AnimatedBackground","decl":{"start":{"line":17,"column":16},"end":{"line":17,"column":34}},"loc":{"start":{"line":17,"column":73},"end":{"line":265,"column":1}}},"1":{"name":"(anonymous_1)","decl":{"start":{"line":32,"column":12},"end":{"line":32,"column":15}},"loc":{"start":{"line":32,"column":17},"end":{"line":73,"column":3}}},"2":{"name":"(anonymous_2)","decl":{"start":{"line":33,"column":28},"end":{"line":33,"column":29}},"loc":{"start":{"line":33,"column":46},"end":{"line":49,"column":5}}},"3":{"name":"(anonymous_3)","decl":{"start":{"line":51,"column":29},"end":{"line":51,"column":30}},"loc":{"start":{"line":51,"column":47},"end":{"line":61,"column":5}}},"4":{"name":"(anonymous_4)","decl":{"start":{"line":59,"column":22},"end":{"line":59,"column":26}},"loc":{"start":{"line":59,"column":30},"end":{"line":59,"column":50}}},"5":{"name":"(anonymous_5)","decl":{"start":{"line":66,"column":29},"end":{"line":66,"column":32}},"loc":{"start":{"line":66,"column":35},"end":{"line":66,"column":52}}},"6":{"name":"(anonymous_6)","decl":{"start":{"line":68,"column":11},"end":{"line":68,"column":14}},"loc":{"start":{"line":68,"column":16},"end":{"line":72,"column":5}}},"7":{"name":"(anonymous_7)","decl":{"start":{"line":75,"column":12},"end":{"line":75,"column":15}},"loc":{"start":{"line":75,"column":17},"end":{"line":160,"column":3}}},"8":{"name":"(anonymous_8)","decl":{"start":{"line":82,"column":25},"end":{"line":82,"column":28}},"loc":{"start":{"line":82,"column":30},"end":{"line":85,"column":5}}},"9":{"name":"(anonymous_9)","decl":{"start":{"line":90,"column":20},"end":{"line":90,"column":23}},"loc":{"start":{"line":90,"column":25},"end":{"line":152,"column":5}}},"10":{"name":"(anonymous_10)","decl":{"start":{"line":93,"column":35},"end":{"line":93,"column":36}},"loc":{"start":{"line":93,"column":55},"end":{"line":108,"column":7}}},"11":{"name":"(anonymous_11)","decl":{"start":{"line":133,"column":22},"end":{"line":133,"column":26}},"loc":{"start":{"line":134,"column":8},"end":{"line":140,"column":47}}},"12":{"name":"(anonymous_12)","decl":{"start":{"line":135,"column":15},"end":{"line":135,"column":21}},"loc":{"start":{"line":135,"column":26},"end":{"line":139,"column":12}}},"13":{"name":"(anonymous_13)","decl":{"start":{"line":140,"column":18},"end":{"line":140,"column":24}},"loc":{"start":{"line":140,"column":28},"end":{"line":140,"column":46}}},"14":{"name":"(anonymous_14)","decl":{"start":{"line":143,"column":27},"end":{"line":143,"column":33}},"loc":{"start":{"line":143,"column":36},"end":{"line":149,"column":7}}},"15":{"name":"(anonymous_15)","decl":{"start":{"line":156,"column":11},"end":{"line":156,"column":14}},"loc":{"start":{"line":156,"column":16},"end":{"line":159,"column":5}}},"16":{"name":"(anonymous_16)","decl":{"start":{"line":162,"column":35},"end":{"line":162,"column":36}},"loc":{"start":{"line":162,"column":75},"end":{"line":177,"column":3}}},"17":{"name":"(anonymous_17)","decl":{"start":{"line":199,"column":20},"end":{"line":199,"column":23}},"loc":{"start":{"line":199,"column":26},"end":{"line":199,"column":43}}},"18":{"name":"(anonymous_18)","decl":{"start":{"line":236,"column":27},"end":{"line":236,"column":28}},"loc":{"start":{"line":237,"column":10},"end":{"line":238,"column":null}}}},"branchMap":{"0":{"loc":{"start":{"line":44,"column":6},"end":{"line":46,"column":7}},"type":"if","locations":[{"start":{"line":44,"column":6},"end":{"line":46,"column":7}}]},"1":{"loc":{"start":{"line":77,"column":4},"end":{"line":77,"column":24}},"type":"if","locations":[{"start":{"line":77,"column":4},"end":{"line":77,"column":24}}]},"2":{"loc":{"start":{"line":80,"column":4},"end":{"line":80,"column":21}},"type":"if","locations":[{"start":{"line":80,"column":4},"end":{"line":80,"column":21}}]},"3":{"loc":{"start":{"line":105,"column":8},"end":{"line":107,"column":9}},"type":"if","locations":[{"start":{"line":105,"column":8},"end":{"line":107,"column":9}}]},"4":{"loc":{"start":{"line":182,"column":90},"end":{"line":182,"column":128}},"type":"cond-expr","locations":[{"start":{"line":182,"column":101},"end":{"line":182,"column":114}},{"start":{"line":182,"column":117},"end":{"line":182,"column":128}}]}},"s":{"0":1,"1":1,"2":8,"3":8,"4":8,"5":8,"6":8,"7":8,"8":8,"9":8,"10":8,"11":8,"12":8,"13":6,"14":0,"15":0,"16":0,"17":0,"18":0,"19":0,"20":0,"21":0,"22":0,"23":0,"24":6,"25":2,"26":2,"27":2,"28":2,"29":6,"30":6,"31":6,"32":0,"33":6,"34":6,"35":6,"36":6,"37":8,"38":8,"39":8,"40":0,"41":8,"42":8,"43":8,"44":0,"45":0,"46":0,"47":0,"48":0,"49":0,"50":0,"51":0,"52":0,"53":0,"54":0,"55":0,"56":0,"57":0,"58":0,"59":0,"60":0,"61":0,"62":0,"63":0,"64":0,"65":0,"66":0,"67":0,"68":0,"69":0,"70":0,"71":0,"72":0,"73":0,"74":0,"75":0,"76":0,"77":0,"78":0,"79":0,"80":0,"81":0,"82":0,"83":0,"84":0,"85":8,"86":2,"87":2,"88":30,"89":30,"90":30,"91":8,"92":0,"93":48},"f":{"0":8,"1":6,"2":0,"3":2,"4":2,"5":0,"6":6,"7":8,"8":0,"9":0,"10":0,"11":0,"12":0,"13":0,"14":0,"15":0,"16":2,"17":0,"18":48},"b":{"0":[0],"1":[0],"2":[8],"3":[0],"4":[0,8]}}
,"C:\\dev\\workspace-playground\\ramiz-loki\\src\\components\\Contact.tsx": {"path":"C:\\dev\\workspace-playground\\ramiz-loki\\src\\components\\Contact.tsx","statementMap":{"0":{"start":{"line":5,"column":0},"end":{"line":5,"column":16}},"1":{"start":{"line":1,"column":0},"end":{"line":1,"column":40}},"2":{"start":{"line":2,"column":0},"end":{"line":2,"column":33}},"3":{"start":{"line":3,"column":0},"end":{"line":3,"column":31}},"4":{"start":{"line":6,"column":36},"end":{"line":11,"column":4}},"5":{"start":{"line":13,"column":42},"end":{"line":13,"column":57}},"6":{"start":{"line":14,"column":44},"end":{"line":14,"column":59}},"7":{"start":{"line":16,"column":23},"end":{"line":23,"column":3}},"8":{"start":{"line":19,"column":4},"end":{"line":22,"column":7}},"9":{"start":{"line":25,"column":23},"end":{"line":38,"column":3}},"10":{"start":{"line":26,"column":4},"end":{"line":26,"column":23}},"11":{"start":{"line":27,"column":4},"end":{"line":27,"column":26}},"12":{"start":{"line":30,"column":4},"end":{"line":37,"column":13}},"13":{"start":{"line":31,"column":6},"end":{"line":31,"column":29}},"14":{"start":{"line":32,"column":6},"end":{"line":32,"column":29}},"15":{"start":{"line":33,"column":6},"end":{"line":33,"column":70}},"16":{"start":{"line":36,"column":6},"end":{"line":36,"column":54}},"17":{"start":{"line":36,"column":23},"end":{"line":36,"column":46}},"18":{"start":{"line":40,"column":2},"end":{"line":179,"column":4}}},"fnMap":{"0":{"name":"Contact","decl":{"start":{"line":5,"column":16},"end":{"line":5,"column":23}},"loc":{"start":{"line":5,"column":23},"end":{"line":180,"column":1}}},"1":{"name":"(anonymous_1)","decl":{"start":{"line":16,"column":23},"end":{"line":16,"column":null}},"loc":{"start":{"line":18,"column":6},"end":{"line":23,"column":3}}},"2":{"name":"(anonymous_2)","decl":{"start":{"line":25,"column":23},"end":{"line":25,"column":24}},"loc":{"start":{"line":25,"column":46},"end":{"line":38,"column":3}}},"3":{"name":"(anonymous_3)","decl":{"start":{"line":30,"column":15},"end":{"line":30,"column":18}},"loc":{"start":{"line":30,"column":20},"end":{"line":37,"column":5}}},"4":{"name":"(anonymous_4)","decl":{"start":{"line":36,"column":17},"end":{"line":36,"column":20}},"loc":{"start":{"line":36,"column":23},"end":{"line":36,"column":46}}}},"branchMap":{"0":{"loc":{"start":{"line":152,"column":17},"end":{"line":161,"column":null}},"type":"cond-expr","locations":[{"start":{"line":153,"column":18},"end":{"line":155,"column":null}},{"start":{"line":158,"column":18},"end":{"line":160,"column":null}}]},"1":{"loc":{"start":{"line":165,"column":15},"end":{"line":168,"column":null}},"type":"binary-expr","locations":[{"start":{"line":165,"column":15},"end":{"line":165,"column":28}},{"start":{"line":166,"column":16},"end":{"line":166,"column":null}}]}},"s":{"0":1,"1":1,"2":1,"3":1,"4":61,"5":61,"6":61,"7":61,"8":56,"9":61,"10":1,"11":1,"12":1,"13":0,"14":0,"15":0,"16":0,"17":0,"18":61},"f":{"0":61,"1":56,"2":1,"3":0,"4":0},"b":{"0":[1,60],"1":[61,0]}}
,"C:\\dev\\workspace-playground\\ramiz-loki\\src\\components\\Education.tsx": {"path":"C:\\dev\\workspace-playground\\ramiz-loki\\src\\components\\Education.tsx","statementMap":{"0":{"start":{"line":10,"column":0},"end":{"line":10,"column":16}},"1":{"start":{"line":1,"column":0},"end":{"line":1,"column":null}},"2":{"start":{"line":7,"column":0},"end":{"line":7,"column":52}},"3":{"start":{"line":8,"column":0},"end":{"line":8,"column":33}},"4":{"start":{"line":11,"column":34},"end":{"line":11,"column":49}},"5":{"start":{"line":12,"column":21},"end":{"line":12,"column":46}},"6":{"start":{"line":14,"column":2},"end":{"line":35,"column":9}},"7":{"start":{"line":15,"column":21},"end":{"line":21,"column":null}},"8":{"start":{"line":17,"column":8},"end":{"line":19,"column":9}},"9":{"start":{"line":18,"column":10},"end":{"line":18,"column":28}},"10":{"start":{"line":24,"column":23},"end":{"line":24,"column":41}},"11":{"start":{"line":26,"column":4},"end":{"line":28,"column":5}},"12":{"start":{"line":27,"column":6},"end":{"line":27,"column":35}},"13":{"start":{"line":30,"column":4},"end":{"line":34,"column":6}},"14":{"start":{"line":31,"column":6},"end":{"line":33,"column":7}},"15":{"start":{"line":32,"column":8},"end":{"line":32,"column":39}},"16":{"start":{"line":37,"column":24},"end":{"line":52,"column":4}},"17":{"start":{"line":54,"column":2},"end":{"line":160,"column":4}},"18":{"start":{"line":83,"column":12},"end":{"line":84,"column":null}},"19":{"start":{"line":124,"column":24},"end":{"line":124,"column":39}}},"fnMap":{"0":{"name":"Education","decl":{"start":{"line":10,"column":16},"end":{"line":10,"column":25}},"loc":{"start":{"line":10,"column":25},"end":{"line":161,"column":1}}},"1":{"name":"(anonymous_1)","decl":{"start":{"line":14,"column":12},"end":{"line":14,"column":15}},"loc":{"start":{"line":14,"column":17},"end":{"line":35,"column":3}}},"2":{"name":"(anonymous_2)","decl":{"start":{"line":16,"column":6},"end":{"line":16,"column":13}},"loc":{"start":{"line":16,"column":16},"end":{"line":20,"column":7}}},"3":{"name":"(anonymous_3)","decl":{"start":{"line":30,"column":11},"end":{"line":30,"column":14}},"loc":{"start":{"line":30,"column":16},"end":{"line":34,"column":5}}},"4":{"name":"(anonymous_4)","decl":{"start":{"line":82,"column":29},"end":{"line":82,"column":30}},"loc":{"start":{"line":83,"column":12},"end":{"line":84,"column":null}}},"5":{"name":"(anonymous_5)","decl":{"start":{"line":123,"column":40},"end":{"line":123,"column":41}},"loc":{"start":{"line":124,"column":24},"end":{"line":124,"column":39}}}},"branchMap":{"0":{"loc":{"start":{"line":17,"column":8},"end":{"line":19,"column":9}},"type":"if","locations":[{"start":{"line":17,"column":8},"end":{"line":19,"column":9}}]},"1":{"loc":{"start":{"line":26,"column":4},"end":{"line":28,"column":5}},"type":"if","locations":[{"start":{"line":26,"column":4},"end":{"line":28,"column":5}}]},"2":{"loc":{"start":{"line":31,"column":6},"end":{"line":33,"column":7}},"type":"if","locations":[{"start":{"line":31,"column":6},"end":{"line":33,"column":7}}]},"3":{"loc":{"start":{"line":85,"column":69},"end":{"line":85,"column":103}},"type":"cond-expr","locations":[{"start":{"line":85,"column":80},"end":{"line":85,"column":89}},{"start":{"line":85,"column":92},"end":{"line":85,"column":103}}]}},"s":{"0":1,"1":1,"2":1,"3":1,"4":5,"5":5,"6":5,"7":5,"8":0,"9":0,"10":5,"11":5,"12":5,"13":5,"14":5,"15":5,"16":5,"17":5,"18":5,"19":20},"f":{"0":5,"1":5,"2":0,"3":5,"4":5,"5":20},"b":{"0":[0],"1":[5],"2":[5],"3":[0,5]}}
,"C:\\dev\\workspace-playground\\ramiz-loki\\src\\components\\Experience.tsx": {"path":"C:\\dev\\workspace-playground\\ramiz-loki\\src\\components\\Experience.tsx","statementMap":{"0":{"start":{"line":10,"column":0},"end":{"line":10,"column":16}},"1":{"start":{"line":1,"column":0},"end":{"line":1,"column":null}},"2":{"start":{"line":7,"column":0},"end":{"line":7,"column":52}},"3":{"start":{"line":8,"column":0},"end":{"line":8,"column":34}},"4":{"start":{"line":11,"column":34},"end":{"line":11,"column":49}},"5":{"start":{"line":12,"column":21},"end":{"line":12,"column":46}},"6":{"start":{"line":14,"column":2},"end":{"line":35,"column":9}},"7":{"start":{"line":15,"column":21},"end":{"line":21,"column":null}},"8":{"start":{"line":17,"column":8},"end":{"line":19,"column":9}},"9":{"start":{"line":18,"column":10},"end":{"line":18,"column":28}},"10":{"start":{"line":24,"column":23},"end":{"line":24,"column":41}},"11":{"start":{"line":26,"column":4},"end":{"line":28,"column":5}},"12":{"start":{"line":27,"column":6},"end":{"line":27,"column":35}},"13":{"start":{"line":30,"column":4},"end":{"line":34,"column":6}},"14":{"start":{"line":31,"column":6},"end":{"line":33,"column":7}},"15":{"start":{"line":32,"column":8},"end":{"line":32,"column":39}},"16":{"start":{"line":37,"column":22},"end":{"line":96,"column":4}},"17":{"start":{"line":98,"column":2},"end":{"line":330,"column":4}},"18":{"start":{"line":140,"column":12},"end":{"line":141,"column":null}},"19":{"start":{"line":189,"column":22},"end":{"line":190,"column":null}},"20":{"start":{"line":206,"column":24},"end":{"line":206,"column":36}},"21":{"start":{"line":246,"column":14},"end":{"line":246,"column":31}},"22":{"start":{"line":283,"column":22},"end":{"line":284,"column":null}},"23":{"start":{"line":299,"column":24},"end":{"line":299,"column":36}}},"fnMap":{"0":{"name":"Experience","decl":{"start":{"line":10,"column":16},"end":{"line":10,"column":26}},"loc":{"start":{"line":10,"column":26},"end":{"line":331,"column":1}}},"1":{"name":"(anonymous_1)","decl":{"start":{"line":14,"column":12},"end":{"line":14,"column":15}},"loc":{"start":{"line":14,"column":17},"end":{"line":35,"column":3}}},"2":{"name":"(anonymous_2)","decl":{"start":{"line":16,"column":6},"end":{"line":16,"column":13}},"loc":{"start":{"line":16,"column":16},"end":{"line":20,"column":7}}},"3":{"name":"(anonymous_3)","decl":{"start":{"line":30,"column":11},"end":{"line":30,"column":14}},"loc":{"start":{"line":30,"column":16},"end":{"line":34,"column":5}}},"4":{"name":"(anonymous_4)","decl":{"start":{"line":139,"column":27},"end":{"line":139,"column":28}},"loc":{"start":{"line":140,"column":12},"end":{"line":141,"column":null}}},"5":{"name":"(anonymous_5)","decl":{"start":{"line":188,"column":34},"end":{"line":188,"column":35}},"loc":{"start":{"line":189,"column":22},"end":{"line":190,"column":null}}},"6":{"name":"(anonymous_6)","decl":{"start":{"line":205,"column":39},"end":{"line":205,"column":40}},"loc":{"start":{"line":206,"column":24},"end":{"line":206,"column":36}}},"7":{"name":"(anonymous_7)","decl":{"start":{"line":245,"column":29},"end":{"line":245,"column":30}},"loc":{"start":{"line":246,"column":14},"end":{"line":246,"column":31}}},"8":{"name":"(anonymous_8)","decl":{"start":{"line":282,"column":34},"end":{"line":282,"column":35}},"loc":{"start":{"line":283,"column":22},"end":{"line":284,"column":null}}},"9":{"name":"(anonymous_9)","decl":{"start":{"line":298,"column":39},"end":{"line":298,"column":40}},"loc":{"start":{"line":299,"column":24},"end":{"line":299,"column":36}}}},"branchMap":{"0":{"loc":{"start":{"line":17,"column":8},"end":{"line":19,"column":9}},"type":"if","locations":[{"start":{"line":17,"column":8},"end":{"line":19,"column":9}}]},"1":{"loc":{"start":{"line":26,"column":4},"end":{"line":28,"column":5}},"type":"if","locations":[{"start":{"line":26,"column":4},"end":{"line":28,"column":5}}]},"2":{"loc":{"start":{"line":31,"column":6},"end":{"line":33,"column":7}},"type":"if","locations":[{"start":{"line":31,"column":6},"end":{"line":33,"column":7}}]},"3":{"loc":{"start":{"line":107,"column":128},"end":{"line":107,"column":185}},"type":"cond-expr","locations":[{"start":{"line":107,"column":139},"end":{"line":107,"column":162}},{"start":{"line":107,"column":165},"end":{"line":107,"column":185}}]},"4":{"loc":{"start":{"line":110,"column":142},"end":{"line":110,"column":199}},"type":"cond-expr","locations":[{"start":{"line":110,"column":153},"end":{"line":110,"column":176}},{"start":{"line":110,"column":179},"end":{"line":110,"column":199}}]},"5":{"loc":{"start":{"line":115,"column":83},"end":{"line":115,"column":170}},"type":"cond-expr","locations":[{"start":{"line":115,"column":94},"end":{"line":115,"column":131}},{"start":{"line":115,"column":134},"end":{"line":115,"column":170}}]},"6":{"loc":{"start":{"line":121,"column":130},"end":{"line":121,"column":157}},"type":"cond-expr","locations":[{"start":{"line":121,"column":141},"end":{"line":121,"column":149}},{"start":{"line":121,"column":152},"end":{"line":121,"column":157}}]},"7":{"loc":{"start":{"line":126,"column":111},"end":{"line":126,"column":149}},"type":"cond-expr","locations":[{"start":{"line":126,"column":122},"end":{"line":126,"column":135}},{"start":{"line":126,"column":138},"end":{"line":126,"column":149}}]},"8":{"loc":{"start":{"line":136,"column":189},"end":{"line":136,"column":249}},"type":"cond-expr","locations":[{"start":{"line":136,"column":200},"end":{"line":136,"column":225}},{"start":{"line":136,"column":228},"end":{"line":136,"column":249}}]},"9":{"loc":{"start":{"line":142,"column":60},"end":{"line":142,"column":109}},"type":"cond-expr","locations":[{"start":{"line":142,"column":78},"end":{"line":142,"column":88}},{"start":{"line":142,"column":91},"end":{"line":142,"column":109}}]},"10":{"loc":{"start":{"line":142,"column":141},"end":{"line":142,"column":228}},"type":"cond-expr","locations":[{"start":{"line":142,"column":152},"end":{"line":142,"column":189}},{"start":{"line":142,"column":192},"end":{"line":142,"column":228}}]},"11":{"loc":{"start":{"line":147,"column":186},"end":{"line":147,"column":220}},"type":"cond-expr","locations":[{"start":{"line":147,"column":197},"end":{"line":147,"column":208}},{"start":{"line":147,"column":211},"end":{"line":147,"column":220}}]},"12":{"loc":{"start":{"line":157,"column":40},"end":{"line":157,"column":75}},"type":"cond-expr","locations":[{"start":{"line":157,"column":58},"end":{"line":157,"column":65}},{"start":{"line":157,"column":68},"end":{"line":157,"column":75}}]},"13":{"loc":{"start":{"line":159,"column":158},"end":{"line":159,"column":290}},"type":"cond-expr","locations":[{"start":{"line":159,"column":169},"end":{"line":159,"column":206}},{"start":{"line":159,"column":209},"end":{"line":159,"column":290}}]},"14":{"loc":{"start":{"line":159,"column":235},"end":{"line":159,"column":289}},"type":"cond-expr","locations":[{"start":{"line":159,"column":253},"end":{"line":159,"column":270}},{"start":{"line":159,"column":273},"end":{"line":159,"column":289}}]},"15":{"loc":{"start":{"line":203,"column":19},"end":{"line":218,"column":null}},"type":"binary-expr","locations":[{"start":{"line":203,"column":19},"end":{"line":203,"column":41}},{"start":{"line":204,"column":20},"end":{"line":217,"column":null}}]},"16":{"loc":{"start":{"line":221,"column":19},"end":{"line":225,"column":null}},"type":"binary-expr","locations":[{"start":{"line":221,"column":19},"end":{"line":221,"column":43}},{"start":{"line":222,"column":20},"end":{"line":222,"column":null}}]},"17":{"loc":{"start":{"line":296,"column":19},"end":{"line":311,"column":null}},"type":"binary-expr","locations":[{"start":{"line":296,"column":19},"end":{"line":296,"column":41}},{"start":{"line":297,"column":20},"end":{"line":310,"column":null}}]},"18":{"loc":{"start":{"line":314,"column":19},"end":{"line":318,"column":null}},"type":"binary-expr","locations":[{"start":{"line":314,"column":19},"end":{"line":314,"column":43}},{"start":{"line":315,"column":20},"end":{"line":315,"column":null}}]}},"s":{"0":1,"1":1,"2":1,"3":1,"4":6,"5":6,"6":6,"7":6,"8":0,"9":0,"10":6,"11":6,"12":6,"13":6,"14":6,"15":6,"16":6,"17":6,"18":30,"19":108,"20":84,"21":30,"22":108,"23":84},"f":{"0":6,"1":6,"2":0,"3":6,"4":30,"5":108,"6":84,"7":30,"8":108,"9":84},"b":{"0":[0],"1":[6],"2":[6],"3":[0,6],"4":[0,6],"5":[0,6],"6":[0,6],"7":[0,6],"8":[0,6],"9":[18,12],"10":[0,30],"11":[0,30],"12":[18,12],"13":[0,30],"14":[18,12],"15":[30,24],"16":[30,6],"17":[30,24],"18":[30,6]}}
,"C:\\dev\\workspace-playground\\ramiz-loki\\src\\components\\Footer.tsx": {"path":"C:\\dev\\workspace-playground\\ramiz-loki\\src\\components\\Footer.tsx","statementMap":{"0":{"start":{"line":4,"column":0},"end":{"line":4,"column":16}},"1":{"start":{"line":1,"column":0},"end":{"line":1,"column":75}},"2":{"start":{"line":2,"column":0},"end":{"line":2,"column":77}},"3":{"start":{"line":5,"column":2},"end":{"line":108,"column":4}}},"fnMap":{"0":{"name":"Footer","decl":{"start":{"line":4,"column":16},"end":{"line":4,"column":22}},"loc":{"start":{"line":4,"column":22},"end":{"line":109,"column":1}}}},"branchMap":{},"s":{"0":1,"1":1,"2":1,"3":4},"f":{"0":4},"b":{}}
,"C:\\dev\\workspace-playground\\ramiz-loki\\src\\components\\Header.tsx": {"path":"C:\\dev\\workspace-playground\\ramiz-loki\\src\\components\\Header.tsx","statementMap":{"0":{"start":{"line":8,"column":0},"end":{"line":8,"column":16}},"1":{"start":{"line":1,"column":0},"end":{"line":1,"column":75}},"2":{"start":{"line":2,"column":0},"end":{"line":2,"column":44}},"3":{"start":{"line":4,"column":0},"end":{"line":4,"column":58}},"4":{"start":{"line":5,"column":0},"end":{"line":5,"column":52}},"5":{"start":{"line":6,"column":0},"end":{"line":6,"column":30}},"6":{"start":{"line":10,"column":26},"end":{"line":20,"column":3}},"7":{"start":{"line":14,"column":4},"end":{"line":14,"column":23}},"8":{"start":{"line":17,"column":4},"end":{"line":17,"column":37}},"9":{"start":{"line":22,"column":2},"end":{"line":99,"column":4}},"10":{"start":{"line":79,"column":30},"end":{"line":79,"column":59}},"11":{"start":{"line":86,"column":30},"end":{"line":86,"column":58}}},"fnMap":{"0":{"name":"Header","decl":{"start":{"line":8,"column":16},"end":{"line":8,"column":22}},"loc":{"start":{"line":8,"column":22},"end":{"line":100,"column":1}}},"1":{"name":"(anonymous_1)","decl":{"start":{"line":10,"column":26},"end":{"line":10,"column":null}},"loc":{"start":{"line":13,"column":6},"end":{"line":20,"column":3}}},"2":{"name":"(anonymous_2)","decl":{"start":{"line":79,"column":25},"end":{"line":79,"column":26}},"loc":{"start":{"line":79,"column":30},"end":{"line":79,"column":59}}},"3":{"name":"(anonymous_3)","decl":{"start":{"line":86,"column":25},"end":{"line":86,"column":26}},"loc":{"start":{"line":86,"column":30},"end":{"line":86,"column":58}}}},"branchMap":{},"s":{"0":1,"1":1,"2":1,"3":1,"4":1,"5":1,"6":6,"7":2,"8":2,"9":6,"10":1,"11":1},"f":{"0":6,"1":2,"2":1,"3":1},"b":{}}
,"C:\\dev\\workspace-playground\\ramiz-loki\\src\\components\\Languages.tsx": {"path":"C:\\dev\\workspace-playground\\ramiz-loki\\src\\components\\Languages.tsx","statementMap":{"0":{"start":{"line":5,"column":0},"end":{"line":5,"column":16}},"1":{"start":{"line":1,"column":0},"end":{"line":1,"column":41}},"2":{"start":{"line":2,"column":0},"end":{"line":2,"column":52}},"3":{"start":{"line":3,"column":0},"end":{"line":3,"column":33}},"4":{"start":{"line":6,"column":34},"end":{"line":6,"column":49}},"5":{"start":{"line":7,"column":21},"end":{"line":7,"column":46}},"6":{"start":{"line":9,"column":2},"end":{"line":30,"column":9}},"7":{"start":{"line":10,"column":21},"end":{"line":16,"column":null}},"8":{"start":{"line":12,"column":8},"end":{"line":14,"column":9}},"9":{"start":{"line":13,"column":10},"end":{"line":13,"column":28}},"10":{"start":{"line":19,"column":23},"end":{"line":19,"column":41}},"11":{"start":{"line":21,"column":4},"end":{"line":23,"column":5}},"12":{"start":{"line":22,"column":6},"end":{"line":22,"column":35}},"13":{"start":{"line":25,"column":4},"end":{"line":29,"column":6}},"14":{"start":{"line":26,"column":6},"end":{"line":28,"column":7}},"15":{"start":{"line":27,"column":8},"end":{"line":27,"column":39}},"16":{"start":{"line":32,"column":20},"end":{"line":54,"column":4}},"17":{"start":{"line":56,"column":2},"end":{"line":165,"column":4}},"18":{"start":{"line":81,"column":12},"end":{"line":82,"column":null}}},"fnMap":{"0":{"name":"Languages","decl":{"start":{"line":5,"column":16},"end":{"line":5,"column":25}},"loc":{"start":{"line":5,"column":25},"end":{"line":166,"column":1}}},"1":{"name":"(anonymous_1)","decl":{"start":{"line":9,"column":12},"end":{"line":9,"column":15}},"loc":{"start":{"line":9,"column":17},"end":{"line":30,"column":3}}},"2":{"name":"(anonymous_2)","decl":{"start":{"line":11,"column":6},"end":{"line":11,"column":13}},"loc":{"start":{"line":11,"column":16},"end":{"line":15,"column":7}}},"3":{"name":"(anonymous_3)","decl":{"start":{"line":25,"column":11},"end":{"line":25,"column":14}},"loc":{"start":{"line":25,"column":16},"end":{"line":29,"column":5}}},"4":{"name":"(anonymous_4)","decl":{"start":{"line":80,"column":25},"end":{"line":80,"column":26}},"loc":{"start":{"line":81,"column":12},"end":{"line":82,"column":null}}}},"branchMap":{"0":{"loc":{"start":{"line":12,"column":8},"end":{"line":14,"column":9}},"type":"if","locations":[{"start":{"line":12,"column":8},"end":{"line":14,"column":9}}]},"1":{"loc":{"start":{"line":21,"column":4},"end":{"line":23,"column":5}},"type":"if","locations":[{"start":{"line":21,"column":4},"end":{"line":23,"column":5}}]},"2":{"loc":{"start":{"line":26,"column":6},"end":{"line":28,"column":7}},"type":"if","locations":[{"start":{"line":26,"column":6},"end":{"line":28,"column":7}}]},"3":{"loc":{"start":{"line":83,"column":64},"end":{"line":83,"column":89}},"type":"cond-expr","locations":[{"start":{"line":83,"column":75},"end":{"line":83,"column":84}},{"start":{"line":83,"column":87},"end":{"line":83,"column":89}}]},"4":{"loc":{"start":{"line":125,"column":58},"end":{"line":125,"column":83}},"type":"cond-expr","locations":[{"start":{"line":125,"column":69},"end":{"line":125,"column":78}},{"start":{"line":125,"column":81},"end":{"line":125,"column":83}}]}},"s":{"0":1,"1":1,"2":1,"3":1,"4":8,"5":8,"6":8,"7":6,"8":2,"9":2,"10":6,"11":6,"12":6,"13":6,"14":6,"15":6,"16":8,"17":8,"18":24},"f":{"0":8,"1":6,"2":2,"3":6,"4":24},"b":{"0":[2],"1":[6],"2":[6],"3":[6,18],"4":[6,18]}}
,"C:\\dev\\workspace-playground\\ramiz-loki\\src\\components\\Navbar.tsx": {"path":"C:\\dev\\workspace-playground\\ramiz-loki\\src\\components\\Navbar.tsx","statementMap":{"0":{"start":{"line":5,"column":0},"end":{"line":5,"column":16}},"1":{"start":{"line":1,"column":0},"end":{"line":1,"column":47}},"2":{"start":{"line":2,"column":0},"end":{"line":2,"column":44}},"3":{"start":{"line":3,"column":0},"end":{"line":3,"column":47}},"4":{"start":{"line":6,"column":38},"end":{"line":6,"column":53}},"5":{"start":{"line":7,"column":38},"end":{"line":7,"column":53}},"6":{"start":{"line":8,"column":19},"end":{"line":8,"column":32}},"7":{"start":{"line":10,"column":2},"end":{"line":20,"column":9}},"8":{"start":{"line":11,"column":25},"end":{"line":17,"column":5}},"9":{"start":{"line":12,"column":6},"end":{"line":16,"column":7}},"10":{"start":{"line":13,"column":8},"end":{"line":13,"column":28}},"11":{"start":{"line":15,"column":8},"end":{"line":15,"column":29}},"12":{"start":{"line":18,"column":4},"end":{"line":18,"column":52}},"13":{"start":{"line":19,"column":4},"end":{"line":19,"column":68}},"14":{"start":{"line":19,"column":17},"end":{"line":19,"column":67}},"15":{"start":{"line":23,"column":2},"end":{"line":27,"column":34}},"16":{"start":{"line":24,"column":4},"end":{"line":26,"column":5}},"17":{"start":{"line":25,"column":6},"end":{"line":25,"column":27}},"18":{"start":{"line":30,"column":26},"end":{"line":45,"column":3}},"19":{"start":{"line":34,"column":4},"end":{"line":34,"column":23}},"20":{"start":{"line":37,"column":4},"end":{"line":39,"column":5}},"21":{"start":{"line":38,"column":6},"end":{"line":38,"column":27}},"22":{"start":{"line":42,"column":4},"end":{"line":42,"column":37}},"23":{"start":{"line":47,"column":2},"end":{"line":118,"column":4}},"24":{"start":{"line":56,"column":28},"end":{"line":56,"column":50}},"25":{"start":{"line":68,"column":18},"end":{"line":69,"column":null}},"26":{"start":{"line":71,"column":34},"end":{"line":71,"column":72}},"27":{"start":{"line":86,"column":29},"end":{"line":86,"column":55}},"28":{"start":{"line":100,"column":16},"end":{"line":101,"column":null}},"29":{"start":{"line":103,"column":32},"end":{"line":103,"column":70}}},"fnMap":{"0":{"name":"Navbar","decl":{"start":{"line":5,"column":16},"end":{"line":5,"column":22}},"loc":{"start":{"line":5,"column":22},"end":{"line":119,"column":1}}},"1":{"name":"(anonymous_1)","decl":{"start":{"line":10,"column":12},"end":{"line":10,"column":15}},"loc":{"start":{"line":10,"column":17},"end":{"line":20,"column":3}}},"2":{"name":"(anonymous_2)","decl":{"start":{"line":11,"column":25},"end":{"line":11,"column":28}},"loc":{"start":{"line":11,"column":30},"end":{"line":17,"column":5}}},"3":{"name":"(anonymous_3)","decl":{"start":{"line":19,"column":11},"end":{"line":19,"column":14}},"loc":{"start":{"line":19,"column":17},"end":{"line":19,"column":67}}},"4":{"name":"(anonymous_4)","decl":{"start":{"line":23,"column":12},"end":{"line":23,"column":15}},"loc":{"start":{"line":23,"column":17},"end":{"line":27,"column":3}}},"5":{"name":"(anonymous_5)","decl":{"start":{"line":30,"column":26},"end":{"line":30,"column":null}},"loc":{"start":{"line":33,"column":6},"end":{"line":45,"column":3}}},"6":{"name":"(anonymous_6)","decl":{"start":{"line":56,"column":23},"end":{"line":56,"column":24}},"loc":{"start":{"line":56,"column":28},"end":{"line":56,"column":50}}},"7":{"name":"(anonymous_7)","decl":{"start":{"line":67,"column":16},"end":{"line":67,"column":20}},"loc":{"start":{"line":68,"column":18},"end":{"line":69,"column":null}}},"8":{"name":"(anonymous_8)","decl":{"start":{"line":71,"column":29},"end":{"line":71,"column":30}},"loc":{"start":{"line":71,"column":34},"end":{"line":71,"column":72}}},"9":{"name":"(anonymous_9)","decl":{"start":{"line":86,"column":23},"end":{"line":86,"column":26}},"loc":{"start":{"line":86,"column":29},"end":{"line":86,"column":55}}},"10":{"name":"(anonymous_10)","decl":{"start":{"line":99,"column":14},"end":{"line":99,"column":18}},"loc":{"start":{"line":100,"column":16},"end":{"line":101,"column":null}}},"11":{"name":"(anonymous_11)","decl":{"start":{"line":103,"column":27},"end":{"line":103,"column":28}},"loc":{"start":{"line":103,"column":32},"end":{"line":103,"column":70}}}},"branchMap":{"0":{"loc":{"start":{"line":12,"column":6},"end":{"line":16,"column":7}},"type":"if","locations":[{"start":{"line":12,"column":6},"end":{"line":16,"column":7}},{"start":{"line":14,"column":13},"end":{"line":16,"column":7}}]},"1":{"loc":{"start":{"line":24,"column":4},"end":{"line":26,"column":5}},"type":"if","locations":[{"start":{"line":24,"column":4},"end":{"line":26,"column":5}}]},"2":{"loc":{"start":{"line":37,"column":4},"end":{"line":39,"column":5}},"type":"if","locations":[{"start":{"line":37,"column":4},"end":{"line":39,"column":5}}]},"3":{"loc":{"start":{"line":49,"column":80},"end":{"line":49,"column":175}},"type":"cond-expr","locations":[{"start":{"line":49,"column":93},"end":{"line":49,"column":156}},{"start":{"line":49,"column":159},"end":{"line":49,"column":175}}]},"4":{"loc":{"start":{"line":73,"column":22},"end":{"line":75,"column":null}},"type":"cond-expr","locations":[{"start":{"line":74,"column":26},"end":{"line":74,"column":42}},{"start":{"line":75,"column":26},"end":{"line":75,"column":null}}]},"5":{"loc":{"start":{"line":89,"column":15},"end":{"line":89,"column":72}},"type":"cond-expr","locations":[{"start":{"line":89,"column":28},"end":{"line":89,"column":47}},{"start":{"line":89,"column":50},"end":{"line":89,"column":72}}]},"6":{"loc":{"start":{"line":95,"column":7},"end":{"line":115,"column":null}},"type":"binary-expr","locations":[{"start":{"line":95,"column":7},"end":{"line":95,"column":17}},{"start":{"line":96,"column":8},"end":{"line":114,"column":null}}]},"7":{"loc":{"start":{"line":105,"column":20},"end":{"line":107,"column":null}},"type":"cond-expr","locations":[{"start":{"line":106,"column":24},"end":{"line":106,"column":40}},{"start":{"line":107,"column":24},"end":{"line":107,"column":null}}]}},"s":{"0":1,"1":1,"2":1,"3":1,"4":5,"5":5,"6":5,"7":5,"8":4,"9":1,"10":1,"11":0,"12":4,"13":4,"14":4,"15":5,"16":4,"17":0,"18":5,"19":0,"20":0,"21":0,"22":0,"23":5,"24":0,"25":25,"26":0,"27":0,"28":0,"29":0},"f":{"0":5,"1":4,"2":1,"3":4,"4":4,"5":0,"6":0,"7":25,"8":0,"9":0,"10":0,"11":0},"b":{"0":[1,0],"1":[0],"2":[0],"3":[1,4],"4":[0,25],"5":[0,5],"6":[5,0],"7":[0,0]}}
,"C:\\dev\\workspace-playground\\ramiz-loki\\src\\components\\ScrollIndicator.tsx": {"path":"C:\\dev\\workspace-playground\\ramiz-loki\\src\\components\\ScrollIndicator.tsx","statementMap":{"0":{"start":{"line":3,"column":0},"end":{"line":3,"column":16}},"1":{"start":{"line":1,"column":0},"end":{"line":1,"column":44}},"2":{"start":{"line":4,"column":46},"end":{"line":4,"column":57}},"3":{"start":{"line":5,"column":36},"end":{"line":5,"column":51}},"4":{"start":{"line":7,"column":2},"end":{"line":20,"column":9}},"5":{"start":{"line":8,"column":25},"end":{"line":14,"column":5}},"6":{"start":{"line":11,"column":8},"end":{"line":11,"column":66}},"7":{"start":{"line":12,"column":23},"end":{"line":12,"column":60}},"8":{"start":{"line":13,"column":6},"end":{"line":13,"column":34}},"9":{"start":{"line":16,"column":4},"end":{"line":16,"column":52}},"10":{"start":{"line":17,"column":4},"end":{"line":17,"column":19}},"11":{"start":{"line":19,"column":4},"end":{"line":19,"column":68}},"12":{"start":{"line":19,"column":17},"end":{"line":19,"column":67}},"13":{"start":{"line":22,"column":2},"end":{"line":67,"column":4}},"14":{"start":{"line":27,"column":28},"end":{"line":27,"column":46}},"15":{"start":{"line":28,"column":28},"end":{"line":28,"column":47}}},"fnMap":{"0":{"name":"ScrollIndicator","decl":{"start":{"line":3,"column":16},"end":{"line":3,"column":31}},"loc":{"start":{"line":3,"column":31},"end":{"line":68,"column":1}}},"1":{"name":"(anonymous_1)","decl":{"start":{"line":7,"column":12},"end":{"line":7,"column":15}},"loc":{"start":{"line":7,"column":17},"end":{"line":20,"column":3}}},"2":{"name":"(anonymous_2)","decl":{"start":{"line":8,"column":25},"end":{"line":8,"column":28}},"loc":{"start":{"line":8,"column":30},"end":{"line":14,"column":5}}},"3":{"name":"(anonymous_3)","decl":{"start":{"line":19,"column":11},"end":{"line":19,"column":14}},"loc":{"start":{"line":19,"column":17},"end":{"line":19,"column":67}}},"4":{"name":"(anonymous_4)","decl":{"start":{"line":27,"column":22},"end":{"line":27,"column":25}},"loc":{"start":{"line":27,"column":28},"end":{"line":27,"column":46}}},"5":{"name":"(anonymous_5)","decl":{"start":{"line":28,"column":22},"end":{"line":28,"column":25}},"loc":{"start":{"line":28,"column":28},"end":{"line":28,"column":47}}}},"branchMap":{"0":{"loc":{"start":{"line":37,"column":88},"end":{"line":37,"column":144}},"type":"cond-expr","locations":[{"start":{"line":37,"column":100},"end":{"line":37,"column":120}},{"start":{"line":37,"column":123},"end":{"line":37,"column":144}}]},"1":{"loc":{"start":{"line":50,"column":59},"end":{"line":50,"column":96}},"type":"cond-expr","locations":[{"start":{"line":50,"column":71},"end":{"line":50,"column":83}},{"start":{"line":50,"column":86},"end":{"line":50,"column":96}}]},"2":{"loc":{"start":{"line":54,"column":82},"end":{"line":54,"column":120}},"type":"cond-expr","locations":[{"start":{"line":54,"column":94},"end":{"line":54,"column":106}},{"start":{"line":54,"column":109},"end":{"line":54,"column":120}}]},"3":{"loc":{"start":{"line":61,"column":109},"end":{"line":61,"column":168}},"type":"cond-expr","locations":[{"start":{"line":61,"column":121},"end":{"line":61,"column":144}},{"start":{"line":61,"column":147},"end":{"line":61,"column":168}}]}},"s":{"0":1,"1":1,"2":11,"3":11,"4":11,"5":4,"6":7,"7":7,"8":7,"9":4,"10":4,"11":4,"12":4,"13":11,"14":1,"15":1},"f":{"0":11,"1":4,"2":7,"3":4,"4":1,"5":1},"b":{"0":[2,9],"1":[2,9],"2":[2,9],"3":[2,9]}}
,"C:\\dev\\workspace-playground\\ramiz-loki\\src\\components\\ScrollToTop.tsx": {"path":"C:\\dev\\workspace-playground\\ramiz-loki\\src\\components\\ScrollToTop.tsx","statementMap":{"0":{"start":{"line":4,"column":0},"end":{"line":4,"column":16}},"1":{"start":{"line":1,"column":0},"end":{"line":1,"column":43}},"2":{"start":{"line":2,"column":0},"end":{"line":2,"column":44}},"3":{"start":{"line":5,"column":36},"end":{"line":5,"column":51}},"4":{"start":{"line":8,"column":2},"end":{"line":26,"column":9}},"5":{"start":{"line":9,"column":29},"end":{"line":16,"column":5}},"6":{"start":{"line":11,"column":6},"end":{"line":15,"column":7}},"7":{"start":{"line":12,"column":8},"end":{"line":12,"column":27}},"8":{"start":{"line":14,"column":8},"end":{"line":14,"column":28}},"9":{"start":{"line":19,"column":4},"end":{"line":19,"column":56}},"10":{"start":{"line":22,"column":4},"end":{"line":22,"column":23}},"11":{"start":{"line":25,"column":4},"end":{"line":25,"column":72}},"12":{"start":{"line":25,"column":17},"end":{"line":25,"column":71}},"13":{"start":{"line":29,"column":22},"end":{"line":58,"column":3}},"14":{"start":{"line":31,"column":4},"end":{"line":35,"column":6}},"15":{"start":{"line":38,"column":26},"end":{"line":38,"column":44}},"16":{"start":{"line":39,"column":21},"end":{"line":39,"column":24}},"17":{"start":{"line":40,"column":35},"end":{"line":40,"column":39}},"18":{"start":{"line":42,"column":22},"end":{"line":55,"column":5}},"19":{"start":{"line":43,"column":6},"end":{"line":43,"column":54}},"20":{"start":{"line":43,"column":30},"end":{"line":43,"column":54}},"21":{"start":{"line":44,"column":26},"end":{"line":44,"column":49}},"22":{"start":{"line":45,"column":23},"end":{"line":45,"column":58}},"23":{"start":{"line":48,"column":27},"end":{"line":48,"column":56}},"24":{"start":{"line":50,"column":6},"end":{"line":50,"column":61}},"25":{"start":{"line":52,"column":6},"end":{"line":54,"column":7}},"26":{"start":{"line":53,"column":8},"end":{"line":53,"column":41}},"27":{"start":{"line":57,"column":4},"end":{"line":57,"column":37}},"28":{"start":{"line":60,"column":2},"end":{"line":81,"column":4}}},"fnMap":{"0":{"name":"ScrollToTop","decl":{"start":{"line":4,"column":16},"end":{"line":4,"column":27}},"loc":{"start":{"line":4,"column":27},"end":{"line":82,"column":1}}},"1":{"name":"(anonymous_1)","decl":{"start":{"line":8,"column":12},"end":{"line":8,"column":15}},"loc":{"start":{"line":8,"column":17},"end":{"line":26,"column":3}}},"2":{"name":"(anonymous_2)","decl":{"start":{"line":9,"column":29},"end":{"line":9,"column":32}},"loc":{"start":{"line":9,"column":34},"end":{"line":16,"column":5}}},"3":{"name":"(anonymous_3)","decl":{"start":{"line":25,"column":11},"end":{"line":25,"column":14}},"loc":{"start":{"line":25,"column":17},"end":{"line":25,"column":71}}},"4":{"name":"(anonymous_4)","decl":{"start":{"line":29,"column":22},"end":{"line":29,"column":25}},"loc":{"start":{"line":29,"column":27},"end":{"line":58,"column":3}}},"5":{"name":"(anonymous_5)","decl":{"start":{"line":42,"column":22},"end":{"line":42,"column":23}},"loc":{"start":{"line":42,"column":46},"end":{"line":55,"column":5}}}},"branchMap":{"0":{"loc":{"start":{"line":11,"column":6},"end":{"line":15,"column":7}},"type":"if","locations":[{"start":{"line":11,"column":6},"end":{"line":15,"column":7}},{"start":{"line":13,"column":13},"end":{"line":15,"column":7}}]},"1":{"loc":{"start":{"line":43,"column":6},"end":{"line":43,"column":54}},"type":"if","locations":[{"start":{"line":43,"column":6},"end":{"line":43,"column":54}}]},"2":{"loc":{"start":{"line":52,"column":6},"end":{"line":54,"column":7}},"type":"if","locations":[{"start":{"line":52,"column":6},"end":{"line":54,"column":7}}]},"3":{"loc":{"start":{"line":64,"column":8},"end":{"line":66,"column":null}},"type":"cond-expr","locations":[{"start":{"line":65,"column":12},"end":{"line":65,"column":49}},{"start":{"line":66,"column":12},"end":{"line":66,"column":null}}]}},"s":{"0":1,"1":1,"2":1,"3":7,"4":7,"5":5,"6":6,"7":2,"8":4,"9":5,"10":5,"11":5,"12":5,"13":7,"14":0,"15":0,"16":0,"17":0,"18":0,"19":0,"20":0,"21":0,"22":0,"23":0,"24":0,"25":0,"26":0,"27":0,"28":7},"f":{"0":7,"1":5,"2":6,"3":5,"4":0,"5":0},"b":{"0":[2,4],"1":[0],"2":[0],"3":[2,5]}}
,"C:\\dev\\workspace-playground\\ramiz-loki\\src\\components\\Skills.tsx": {"path":"C:\\dev\\workspace-playground\\ramiz-loki\\src\\components\\Skills.tsx","statementMap":{"0":{"start":{"line":10,"column":0},"end":{"line":10,"column":16}},"1":{"start":{"line":1,"column":0},"end":{"line":1,"column":null}},"2":{"start":{"line":8,"column":0},"end":{"line":8,"column":52}},"3":{"start":{"line":11,"column":46},"end":{"line":11,"column":61}},"4":{"start":{"line":12,"column":34},"end":{"line":12,"column":49}},"5":{"start":{"line":13,"column":21},"end":{"line":13,"column":46}},"6":{"start":{"line":15,"column":2},"end":{"line":36,"column":9}},"7":{"start":{"line":16,"column":21},"end":{"line":22,"column":null}},"8":{"start":{"line":18,"column":8},"end":{"line":20,"column":9}},"9":{"start":{"line":19,"column":10},"end":{"line":19,"column":28}},"10":{"start":{"line":25,"column":23},"end":{"line":25,"column":41}},"11":{"start":{"line":27,"column":4},"end":{"line":29,"column":5}},"12":{"start":{"line":28,"column":6},"end":{"line":28,"column":35}},"13":{"start":{"line":31,"column":4},"end":{"line":35,"column":6}},"14":{"start":{"line":32,"column":6},"end":{"line":34,"column":7}},"15":{"start":{"line":33,"column":8},"end":{"line":33,"column":39}},"16":{"start":{"line":38,"column":21},"end":{"line":64,"column":4}},"17":{"start":{"line":66,"column":17},"end":{"line":151,"column":4}},"18":{"start":{"line":153,"column":25},"end":{"line":154,"column":null}},"19":{"start":{"line":154,"column":13},"end":{"line":154,"column":74}},"20":{"start":{"line":157,"column":2},"end":{"line":269,"column":4}},"21":{"start":{"line":184,"column":25},"end":{"line":184,"column":38}},"22":{"start":{"line":185,"column":12},"end":{"line":205,"column":14}},"23":{"start":{"line":188,"column":31},"end":{"line":188,"column":61}},"24":{"start":{"line":212,"column":12},"end":{"line":213,"column":null}}},"fnMap":{"0":{"name":"Skills","decl":{"start":{"line":10,"column":16},"end":{"line":10,"column":22}},"loc":{"start":{"line":10,"column":22},"end":{"line":270,"column":1}}},"1":{"name":"(anonymous_1)","decl":{"start":{"line":15,"column":12},"end":{"line":15,"column":15}},"loc":{"start":{"line":15,"column":17},"end":{"line":36,"column":3}}},"2":{"name":"(anonymous_2)","decl":{"start":{"line":17,"column":6},"end":{"line":17,"column":13}},"loc":{"start":{"line":17,"column":16},"end":{"line":21,"column":7}}},"3":{"name":"(anonymous_3)","decl":{"start":{"line":31,"column":11},"end":{"line":31,"column":14}},"loc":{"start":{"line":31,"column":16},"end":{"line":35,"column":5}}},"4":{"name":"(anonymous_4)","decl":{"start":{"line":154,"column":4},"end":{"line":154,"column":9}},"loc":{"start":{"line":154,"column":13},"end":{"line":154,"column":74}}},"5":{"name":"(anonymous_5)","decl":{"start":{"line":183,"column":26},"end":{"line":183,"column":34}},"loc":{"start":{"line":183,"column":37},"end":{"line":206,"column":11}}},"6":{"name":"(anonymous_6)","decl":{"start":{"line":188,"column":25},"end":{"line":188,"column":28}},"loc":{"start":{"line":188,"column":31},"end":{"line":188,"column":61}}},"7":{"name":"(anonymous_7)","decl":{"start":{"line":211,"column":30},"end":{"line":211,"column":31}},"loc":{"start":{"line":212,"column":12},"end":{"line":213,"column":null}}}},"branchMap":{"0":{"loc":{"start":{"line":18,"column":8},"end":{"line":20,"column":9}},"type":"if","locations":[{"start":{"line":18,"column":8},"end":{"line":20,"column":9}}]},"1":{"loc":{"start":{"line":27,"column":4},"end":{"line":29,"column":5}},"type":"if","locations":[{"start":{"line":27,"column":4},"end":{"line":29,"column":5}}]},"2":{"loc":{"start":{"line":32,"column":6},"end":{"line":34,"column":7}},"type":"if","locations":[{"start":{"line":32,"column":6},"end":{"line":34,"column":7}}]},"3":{"loc":{"start":{"line":154,"column":13},"end":{"line":154,"column":74}},"type":"binary-expr","locations":[{"start":{"line":154,"column":13},"end":{"line":154,"column":37}},{"start":{"line":154,"column":41},"end":{"line":154,"column":74}}]},"4":{"loc":{"start":{"line":191,"column":20},"end":{"line":193,"column":null}},"type":"cond-expr","locations":[{"start":{"line":192,"column":24},"end":{"line":192,"column":90}},{"start":{"line":193,"column":24},"end":{"line":193,"column":null}}]},"5":{"loc":{"start":{"line":198,"column":71},"end":{"line":198,"column":127}},"type":"cond-expr","locations":[{"start":{"line":198,"column":104},"end":{"line":198,"column":114}},{"start":{"line":198,"column":117},"end":{"line":198,"column":127}}]},"6":{"loc":{"start":{"line":201,"column":17},"end":{"line":202,"column":null}},"type":"binary-expr","locations":[{"start":{"line":201,"column":17},"end":{"line":201,"column":47}},{"start":{"line":202,"column":18},"end":{"line":202,"column":101}}]},"7":{"loc":{"start":{"line":218,"column":25},"end":{"line":218,"column":41}},"type":"cond-expr","locations":[{"start":{"line":218,"column":36},"end":{"line":218,"column":37}},{"start":{"line":218,"column":40},"end":{"line":218,"column":41}}]},"8":{"loc":{"start":{"line":219,"column":27},"end":{"line":219,"column":74}},"type":"cond-expr","locations":[{"start":{"line":219,"column":38},"end":{"line":219,"column":53}},{"start":{"line":219,"column":56},"end":{"line":219,"column":74}}]},"9":{"loc":{"start":{"line":254,"column":29},"end":{"line":254,"column":64}},"type":"cond-expr","locations":[{"start":{"line":254,"column":40},"end":{"line":254,"column":57}},{"start":{"line":254,"column":60},"end":{"line":254,"column":64}}]}},"s":{"0":1,"1":1,"2":1,"3":8,"4":8,"5":8,"6":8,"7":5,"8":0,"9":0,"10":5,"11":5,"12":5,"13":5,"14":5,"15":5,"16":8,"17":8,"18":8,"19":96,"20":8,"21":40,"22":40,"23":3,"24":81},"f":{"0":8,"1":5,"2":0,"3":5,"4":96,"5":40,"6":3,"7":81},"b":{"0":[0],"1":[5],"2":[5],"3":[96,24],"4":[8,32],"5":[8,32],"6":[40,8],"7":[0,81],"8":[0,81],"9":[0,81]}}
}
