TN:
SF:src\App.tsx
FN:16,ScrollToSection
FN:19,(anonymous_1)
FN:28,(anonymous_2)
FN:45,MainContent
FN:65,App
FNF:5
FNH:5
FNDA:3,ScrollToSection
FNDA:3,(anonymous_1)
FNDA:1,(anonymous_2)
FNDA:3,MainContent
FNDA:3,App
DA:1,1
DA:2,1
DA:4,1
DA:5,1
DA:6,1
DA:7,1
DA:8,1
DA:9,1
DA:10,1
DA:11,1
DA:12,1
DA:13,1
DA:17,3
DA:19,3
DA:21,3
DA:23,3
DA:24,3
DA:26,3
DA:28,3
DA:29,1
DA:30,1
DA:32,1
DA:33,1
DA:38,0
DA:42,3
DA:46,3
DA:65,1
DA:66,3
LF:28
LH:27
BRDA:21,0,0,3
BRDA:21,0,1,0
BRDA:26,1,0,3
BRDA:29,2,0,1
BRDA:29,2,1,0
BRF:5
BRH:3
end_of_record
TN:
SF:src\index.tsx
FNF:0
FNH:0
DA:1,1
DA:3,1
DA:5,1
DA:7,1
DA:8,1
DA:9,0
DA:11,1
DA:12,1
LF:8
LH:7
BRDA:8,0,0,0
BRF:1
BRH:0
end_of_record
TN:
SF:src\components\About.tsx
FN:5,About
FN:9,(anonymous_1)
FN:11,(anonymous_2)
FN:25,(anonymous_3)
FN:87,(anonymous_4)
FNF:5
FNH:4
FNDA:4,About
FNDA:4,(anonymous_1)
FNDA:0,(anonymous_2)
FNDA:4,(anonymous_3)
FNDA:12,(anonymous_4)
DA:1,1
DA:2,1
DA:3,1
DA:5,1
DA:6,4
DA:7,4
DA:9,4
DA:10,4
DA:12,0
DA:13,0
DA:19,4
DA:21,4
DA:22,4
DA:25,4
DA:26,4
DA:27,4
DA:32,4
DA:56,4
DA:88,12
LF:19
LH:17
BRDA:12,0,0,0
BRDA:21,1,0,4
BRDA:26,2,0,4
BRDA:90,3,0,0
BRDA:90,3,1,12
BRF:5
BRH:3
end_of_record
TN:
SF:src\components\AnimatedBackground.tsx
FN:17,AnimatedBackground
FN:32,(anonymous_1)
FN:33,(anonymous_2)
FN:51,(anonymous_3)
FN:59,(anonymous_4)
FN:66,(anonymous_5)
FN:68,(anonymous_6)
FN:75,(anonymous_7)
FN:82,(anonymous_8)
FN:90,(anonymous_9)
FN:93,(anonymous_10)
FN:133,(anonymous_11)
FN:135,(anonymous_12)
FN:140,(anonymous_13)
FN:143,(anonymous_14)
FN:156,(anonymous_15)
FN:162,(anonymous_16)
FN:199,(anonymous_17)
FN:236,(anonymous_18)
FNF:19
FNH:8
FNDA:8,AnimatedBackground
FNDA:6,(anonymous_1)
FNDA:0,(anonymous_2)
FNDA:2,(anonymous_3)
FNDA:2,(anonymous_4)
FNDA:0,(anonymous_5)
FNDA:6,(anonymous_6)
FNDA:8,(anonymous_7)
FNDA:0,(anonymous_8)
FNDA:0,(anonymous_9)
FNDA:0,(anonymous_10)
FNDA:0,(anonymous_11)
FNDA:0,(anonymous_12)
FNDA:0,(anonymous_13)
FNDA:0,(anonymous_14)
FNDA:0,(anonymous_15)
FNDA:2,(anonymous_16)
FNDA:0,(anonymous_17)
FNDA:48,(anonymous_18)
DA:1,1
DA:17,1
DA:18,8
DA:19,8
DA:20,8
DA:21,8
DA:24,8
DA:25,8
DA:26,8
DA:27,8
DA:29,8
DA:30,8
DA:32,8
DA:33,6
DA:34,0
DA:35,0
DA:37,0
DA:38,0
DA:39,0
DA:40,0
DA:42,0
DA:44,0
DA:45,0
DA:48,0
DA:51,6
DA:52,2
DA:59,2
DA:60,2
DA:63,6
DA:64,6
DA:66,6
DA:68,6
DA:69,6
DA:70,6
DA:71,6
DA:75,8
DA:76,8
DA:77,8
DA:79,8
DA:80,8
DA:82,0
DA:83,0
DA:84,0
DA:87,0
DA:88,0
DA:90,0
DA:91,0
DA:93,0
DA:94,0
DA:95,0
DA:96,0
DA:98,0
DA:100,0
DA:101,0
DA:102,0
DA:103,0
DA:105,0
DA:106,0
DA:110,0
DA:111,0
DA:119,0
DA:120,0
DA:122,0
DA:123,0
DA:124,0
DA:131,0
DA:133,0
DA:134,0
DA:135,0
DA:140,0
DA:143,0
DA:144,0
DA:145,0
DA:146,0
DA:147,0
DA:148,0
DA:151,0
DA:154,0
DA:156,0
DA:157,0
DA:158,0
DA:162,8
DA:163,2
DA:164,30
DA:165,30
DA:167,30
DA:179,8
DA:199,0
DA:237,48
LF:89
LH:37
BRDA:44,0,0,0
BRDA:77,1,0,0
BRDA:80,2,0,8
BRDA:105,3,0,0
BRDA:182,4,0,0
BRDA:182,4,1,8
BRF:6
BRH:2
end_of_record
TN:
SF:src\components\Contact.tsx
FN:5,Contact
FN:16,(anonymous_1)
FN:25,(anonymous_2)
FN:30,(anonymous_3)
FN:36,(anonymous_4)
FNF:5
FNH:3
FNDA:61,Contact
FNDA:56,(anonymous_1)
FNDA:1,(anonymous_2)
FNDA:0,(anonymous_3)
FNDA:0,(anonymous_4)
DA:1,1
DA:2,1
DA:3,1
DA:5,1
DA:6,61
DA:13,61
DA:14,61
DA:16,61
DA:19,56
DA:25,61
DA:26,1
DA:27,1
DA:30,1
DA:31,0
DA:32,0
DA:33,0
DA:36,0
DA:40,61
LF:18
LH:14
BRDA:152,0,0,1
BRDA:152,0,1,60
BRDA:165,1,0,61
BRDA:165,1,1,0
BRF:4
BRH:3
end_of_record
TN:
SF:src\components\Education.tsx
FN:10,Education
FN:14,(anonymous_1)
FN:16,(anonymous_2)
FN:30,(anonymous_3)
FN:82,(anonymous_4)
FN:123,(anonymous_5)
FNF:6
FNH:5
FNDA:5,Education
FNDA:5,(anonymous_1)
FNDA:0,(anonymous_2)
FNDA:5,(anonymous_3)
FNDA:5,(anonymous_4)
FNDA:20,(anonymous_5)
DA:1,1
DA:7,1
DA:8,1
DA:10,1
DA:11,5
DA:12,5
DA:14,5
DA:15,5
DA:17,0
DA:18,0
DA:24,5
DA:26,5
DA:27,5
DA:30,5
DA:31,5
DA:32,5
DA:37,5
DA:54,5
DA:83,5
DA:124,20
LF:20
LH:18
BRDA:17,0,0,0
BRDA:26,1,0,5
BRDA:31,2,0,5
BRDA:85,3,0,0
BRDA:85,3,1,5
BRF:5
BRH:3
end_of_record
TN:
SF:src\components\Experience.tsx
FN:10,Experience
FN:14,(anonymous_1)
FN:16,(anonymous_2)
FN:30,(anonymous_3)
FN:139,(anonymous_4)
FN:188,(anonymous_5)
FN:205,(anonymous_6)
FN:245,(anonymous_7)
FN:282,(anonymous_8)
FN:298,(anonymous_9)
FNF:10
FNH:9
FNDA:6,Experience
FNDA:6,(anonymous_1)
FNDA:0,(anonymous_2)
FNDA:6,(anonymous_3)
FNDA:30,(anonymous_4)
FNDA:108,(anonymous_5)
FNDA:84,(anonymous_6)
FNDA:30,(anonymous_7)
FNDA:108,(anonymous_8)
FNDA:84,(anonymous_9)
DA:1,1
DA:7,1
DA:8,1
DA:10,1
DA:11,6
DA:12,6
DA:14,6
DA:15,6
DA:17,0
DA:18,0
DA:24,6
DA:26,6
DA:27,6
DA:30,6
DA:31,6
DA:32,6
DA:37,6
DA:98,6
DA:140,30
DA:189,108
DA:206,84
DA:246,30
DA:283,108
DA:299,84
LF:24
LH:22
BRDA:17,0,0,0
BRDA:26,1,0,6
BRDA:31,2,0,6
BRDA:107,3,0,0
BRDA:107,3,1,6
BRDA:110,4,0,0
BRDA:110,4,1,6
BRDA:115,5,0,0
BRDA:115,5,1,6
BRDA:121,6,0,0
BRDA:121,6,1,6
BRDA:126,7,0,0
BRDA:126,7,1,6
BRDA:136,8,0,0
BRDA:136,8,1,6
BRDA:142,9,0,18
BRDA:142,9,1,12
BRDA:142,10,0,0
BRDA:142,10,1,30
BRDA:147,11,0,0
BRDA:147,11,1,30
BRDA:157,12,0,18
BRDA:157,12,1,12
BRDA:159,13,0,0
BRDA:159,13,1,30
BRDA:159,14,0,18
BRDA:159,14,1,12
BRDA:203,15,0,30
BRDA:203,15,1,24
BRDA:221,16,0,30
BRDA:221,16,1,6
BRDA:296,17,0,30
BRDA:296,17,1,24
BRDA:314,18,0,30
BRDA:314,18,1,6
BRF:35
BRH:25
end_of_record
TN:
SF:src\components\Footer.tsx
FN:4,Footer
FNF:1
FNH:1
FNDA:4,Footer
DA:1,1
DA:2,1
DA:4,1
DA:5,4
LF:4
LH:4
BRF:0
BRH:0
end_of_record
TN:
SF:src\components\Header.tsx
FN:8,Header
FN:10,(anonymous_1)
FN:80,(anonymous_2)
FN:87,(anonymous_3)
FNF:4
FNH:4
FNDA:6,Header
FNDA:2,(anonymous_1)
FNDA:1,(anonymous_2)
FNDA:1,(anonymous_3)
DA:1,1
DA:2,1
DA:4,1
DA:5,1
DA:6,1
DA:8,1
DA:10,6
DA:14,2
DA:17,2
DA:22,6
DA:80,1
DA:87,1
LF:12
LH:12
BRF:0
BRH:0
end_of_record
TN:
SF:src\components\Languages.tsx
FN:5,Languages
FN:9,(anonymous_1)
FN:11,(anonymous_2)
FN:25,(anonymous_3)
FN:80,(anonymous_4)
FNF:5
FNH:5
FNDA:8,Languages
FNDA:6,(anonymous_1)
FNDA:2,(anonymous_2)
FNDA:6,(anonymous_3)
FNDA:24,(anonymous_4)
DA:1,1
DA:2,1
DA:3,1
DA:5,1
DA:6,8
DA:7,8
DA:9,8
DA:10,6
DA:12,2
DA:13,2
DA:19,6
DA:21,6
DA:22,6
DA:25,6
DA:26,6
DA:27,6
DA:32,8
DA:56,8
DA:81,24
LF:19
LH:19
BRDA:12,0,0,2
BRDA:21,1,0,6
BRDA:26,2,0,6
BRDA:83,3,0,6
BRDA:83,3,1,18
BRDA:125,4,0,6
BRDA:125,4,1,18
BRF:7
BRH:7
end_of_record
TN:
SF:src\components\Navbar.tsx
FN:5,Navbar
FN:10,(anonymous_1)
FN:11,(anonymous_2)
FN:19,(anonymous_3)
FN:23,(anonymous_4)
FN:30,(anonymous_5)
FN:56,(anonymous_6)
FN:67,(anonymous_7)
FN:71,(anonymous_8)
FN:86,(anonymous_9)
FN:99,(anonymous_10)
FN:103,(anonymous_11)
FNF:12
FNH:6
FNDA:5,Navbar
FNDA:4,(anonymous_1)
FNDA:1,(anonymous_2)
FNDA:4,(anonymous_3)
FNDA:4,(anonymous_4)
FNDA:0,(anonymous_5)
FNDA:0,(anonymous_6)
FNDA:25,(anonymous_7)
FNDA:0,(anonymous_8)
FNDA:0,(anonymous_9)
FNDA:0,(anonymous_10)
FNDA:0,(anonymous_11)
DA:1,1
DA:2,1
DA:3,1
DA:5,1
DA:6,5
DA:7,5
DA:8,5
DA:10,5
DA:11,4
DA:12,1
DA:13,1
DA:15,0
DA:18,4
DA:19,4
DA:23,5
DA:24,4
DA:25,0
DA:30,5
DA:34,0
DA:37,0
DA:38,0
DA:42,0
DA:47,5
DA:56,0
DA:68,25
DA:71,0
DA:86,0
DA:100,0
DA:103,0
LF:29
LH:18
BRDA:12,0,0,1
BRDA:12,0,1,0
BRDA:24,1,0,0
BRDA:37,2,0,0
BRDA:49,3,0,1
BRDA:49,3,1,4
BRDA:73,4,0,0
BRDA:73,4,1,25
BRDA:89,5,0,0
BRDA:89,5,1,5
BRDA:95,6,0,5
BRDA:95,6,1,0
BRDA:105,7,0,0
BRDA:105,7,1,0
BRF:14
BRH:6
end_of_record
TN:
SF:src\components\ScrollIndicator.tsx
FN:3,ScrollIndicator
FN:7,(anonymous_1)
FN:8,(anonymous_2)
FN:19,(anonymous_3)
FN:27,(anonymous_4)
FN:28,(anonymous_5)
FNF:6
FNH:6
FNDA:11,ScrollIndicator
FNDA:4,(anonymous_1)
FNDA:7,(anonymous_2)
FNDA:4,(anonymous_3)
FNDA:1,(anonymous_4)
FNDA:1,(anonymous_5)
DA:1,1
DA:3,1
DA:4,11
DA:5,11
DA:7,11
DA:8,4
DA:11,7
DA:12,7
DA:13,7
DA:16,4
DA:17,4
DA:19,4
DA:22,11
DA:27,1
DA:28,1
LF:15
LH:15
BRDA:37,0,0,2
BRDA:37,0,1,9
BRDA:50,1,0,2
BRDA:50,1,1,9
BRDA:54,2,0,2
BRDA:54,2,1,9
BRDA:61,3,0,2
BRDA:61,3,1,9
BRF:8
BRH:8
end_of_record
TN:
SF:src\components\ScrollToTop.tsx
FN:4,ScrollToTop
FN:8,(anonymous_1)
FN:9,(anonymous_2)
FN:25,(anonymous_3)
FN:29,(anonymous_4)
FN:42,(anonymous_5)
FNF:6
FNH:4
FNDA:7,ScrollToTop
FNDA:5,(anonymous_1)
FNDA:6,(anonymous_2)
FNDA:5,(anonymous_3)
FNDA:0,(anonymous_4)
FNDA:0,(anonymous_5)
DA:1,1
DA:2,1
DA:4,1
DA:5,7
DA:8,7
DA:9,5
DA:11,6
DA:12,2
DA:14,4
DA:19,5
DA:22,5
DA:25,5
DA:29,7
DA:31,0
DA:38,0
DA:39,0
DA:40,0
DA:42,0
DA:43,0
DA:44,0
DA:45,0
DA:48,0
DA:50,0
DA:52,0
DA:53,0
DA:57,0
DA:60,7
LF:27
LH:14
BRDA:11,0,0,2
BRDA:11,0,1,4
BRDA:43,1,0,0
BRDA:52,2,0,0
BRDA:64,3,0,2
BRDA:64,3,1,5
BRF:6
BRH:4
end_of_record
TN:
SF:src\components\Skills.tsx
FN:10,Skills
FN:15,(anonymous_1)
FN:17,(anonymous_2)
FN:31,(anonymous_3)
FN:154,(anonymous_4)
FN:183,(anonymous_5)
FN:188,(anonymous_6)
FN:211,(anonymous_7)
FNF:8
FNH:7
FNDA:8,Skills
FNDA:5,(anonymous_1)
FNDA:0,(anonymous_2)
FNDA:5,(anonymous_3)
FNDA:96,(anonymous_4)
FNDA:40,(anonymous_5)
FNDA:3,(anonymous_6)
FNDA:81,(anonymous_7)
DA:1,1
DA:8,1
DA:10,1
DA:11,8
DA:12,8
DA:13,8
DA:15,8
DA:16,5
DA:18,0
DA:19,0
DA:25,5
DA:27,5
DA:28,5
DA:31,5
DA:32,5
DA:33,5
DA:38,8
DA:66,8
DA:153,8
DA:154,96
DA:157,8
DA:184,40
DA:185,40
DA:188,3
DA:212,81
LF:25
LH:23
BRDA:18,0,0,0
BRDA:27,1,0,5
BRDA:32,2,0,5
BRDA:154,3,0,96
BRDA:154,3,1,24
BRDA:191,4,0,8
BRDA:191,4,1,32
BRDA:198,5,0,8
BRDA:198,5,1,32
BRDA:201,6,0,40
BRDA:201,6,1,8
BRDA:218,7,0,0
BRDA:218,7,1,81
BRDA:219,8,0,0
BRDA:219,8,1,81
BRDA:254,9,0,0
BRDA:254,9,1,81
BRF:17
BRH:13
end_of_record
